0 info it worked if it ends with ok
1 verbose cli [ '/Users/danielwilliams/.nvm/versions/node/v6.7.0/bin/node',
1 verbose cli   '/Users/danielwilliams/code/18f/cloudgov-style/node_modules/.bin/npm',
1 verbose cli   'run',
1 verbose cli   'build' ]
2 info using npm@2.15.11
3 info using node@v6.7.0
4 verbose run-script [ 'prebuild', 'build', 'postbuild' ]
5 info prebuild cloudgov-style@1.4.2
6 info build cloudgov-style@1.4.2
7 verbose unsafe-perm in lifecycle true
8 info cloudgov-style@1.4.2 Failed to exec build script
9 verbose stack Error: cloudgov-style@1.4.2 build: `npm run build-css && npm run build-css-components && npm run build-font && npm run build-img && npm run compile-css && npm run build-js && npm run compile-js && npm run gem`
9 verbose stack Exit status 1
9 verbose stack     at EventEmitter.<anonymous> (/Users/danielwilliams/code/18f/cloudgov-style/node_modules/npm/lib/utils/lifecycle.js:217:16)
9 verbose stack     at emitTwo (events.js:106:13)
9 verbose stack     at EventEmitter.emit (events.js:191:7)
9 verbose stack     at ChildProcess.<anonymous> (/Users/danielwilliams/code/18f/cloudgov-style/node_modules/npm/lib/utils/spawn.js:24:14)
9 verbose stack     at emitTwo (events.js:106:13)
9 verbose stack     at ChildProcess.emit (events.js:191:7)
9 verbose stack     at maybeClose (internal/child_process.js:877:16)
9 verbose stack     at Process.ChildProcess._handle.onexit (internal/child_process.js:226:5)
10 verbose pkgid cloudgov-style@1.4.2
11 verbose cwd /Users/danielwilliams/code/18f/cloudgov-style
12 error Darwin 15.6.0
13 error argv "/Users/danielwilliams/.nvm/versions/node/v6.7.0/bin/node" "/Users/danielwilliams/code/18f/cloudgov-style/node_modules/.bin/npm" "run" "build"
14 error node v6.7.0
15 error npm  v2.15.11
16 error code ELIFECYCLE
17 error cloudgov-style@1.4.2 build: `npm run build-css && npm run build-css-components && npm run build-font && npm run build-img && npm run compile-css && npm run build-js && npm run compile-js && npm run gem`
17 error Exit status 1
18 error Failed at the cloudgov-style@1.4.2 build script 'npm run build-css && npm run build-css-components && npm run build-font && npm run build-img && npm run compile-css && npm run build-js && npm run compile-js && npm run gem'.
18 error This is most likely a problem with the cloudgov-style package,
18 error not with npm itself.
18 error Tell the author that this fails on your system:
18 error     npm run build-css && npm run build-css-components && npm run build-font && npm run build-img && npm run compile-css && npm run build-js && npm run compile-js && npm run gem
18 error You can get information on how to open an issue for this project with:
18 error     npm bugs cloudgov-style
18 error Or if that isn't available, you can get their info via:
18 error
18 error     npm owner ls cloudgov-style
18 error There is likely additional logging output above.
19 verbose exit [ 1, true ]
